[32minfo[39m: https server has started in port 8001 {"timestamp":"2025-02-04T19:10:42.020Z"}
[32minfo[39m: the server has started in 8000 {"timestamp":"2025-02-04T19:10:42.026Z"}
[32minfo[39m: trying to connect to the database... {"timestamp":"2025-02-04T19:11:11.499Z"}
[32minfo[39m: database connected! {"timestamp":"2025-02-04T19:11:11.500Z"}
[32minfo[39m: https server has started in port 8001 {"timestamp":"2025-02-04T19:11:11.542Z"}
[32minfo[39m: the server has started in 8000 {"timestamp":"2025-02-04T19:11:11.542Z"}
[32minfo[39m: trying to connect to the database... {"timestamp":"2025-02-04T19:12:41.154Z"}
[32minfo[39m: database connected! {"timestamp":"2025-02-04T19:12:41.155Z"}
[32minfo[39m: https server has started in port 8001 {"timestamp":"2025-02-04T19:12:41.209Z"}
[32minfo[39m: the server has started in 8000 {"timestamp":"2025-02-04T19:12:41.209Z"}
[32minfo[39m: trying to connect to the database... {"timestamp":"2025-02-04T19:21:44.502Z"}
[32minfo[39m: database connected! {"timestamp":"2025-02-04T19:21:44.508Z"}
[32minfo[39m: https server has started in port 8001 {"timestamp":"2025-02-04T19:21:44.546Z"}
[32minfo[39m: the server has started in 8000 {"timestamp":"2025-02-04T19:21:44.546Z"}
[32minfo[39m: trying to connect to the database... {"timestamp":"2025-02-04T19:23:30.441Z"}
[32minfo[39m: database connected! {"timestamp":"2025-02-04T19:23:30.442Z"}
[32minfo[39m: https server has started in port 8001 {"timestamp":"2025-02-04T19:23:30.484Z"}
[32minfo[39m: the server has started in 8000 {"timestamp":"2025-02-04T19:23:30.484Z"}
[32minfo[39m: trying to connect to the database... {"timestamp":"2025-02-04T19:23:42.824Z"}
[32minfo[39m: database connected! {"timestamp":"2025-02-04T19:23:42.825Z"}
[32minfo[39m: https server has started in port 8001 {"timestamp":"2025-02-04T19:23:42.865Z"}
[32minfo[39m: the server has started in 8000 {"timestamp":"2025-02-04T19:23:42.866Z"}
[32minfo[39m: trying to connect to the database... {"timestamp":"2025-02-04T19:27:24.074Z"}
[32minfo[39m: database connected! {"timestamp":"2025-02-04T19:27:24.076Z"}
[32minfo[39m: https server has started in port 8001 {"timestamp":"2025-02-04T19:27:24.116Z"}
[32minfo[39m: the server has started in 8000 {"timestamp":"2025-02-04T19:27:24.116Z"}
[32minfo[39m: database connected! {"timestamp":"2025-02-16T18:54:11.239Z"}
[32minfo[39m: https server has started in port 8001 {"timestamp":"2025-02-16T18:54:11.287Z"}
[32minfo[39m: the server has started in 8000 {"timestamp":"2025-02-16T18:54:11.288Z"}
[32minfo[39m: database connected! {"timestamp":"2025-02-21T19:59:05.071Z"}
[32minfo[39m: https server has started in port 8001 {"timestamp":"2025-02-21T19:59:05.116Z"}
[32minfo[39m: the server has started in 8000 {"timestamp":"2025-02-21T19:59:05.117Z"}
[32minfo[39m: database connected! {"timestamp":"2025-02-21T20:21:48.159Z"}
[32minfo[39m: https server has started in port 8001 {"timestamp":"2025-02-21T20:21:48.209Z"}
[32minfo[39m: the server has started in 8000 {"timestamp":"2025-02-21T20:21:48.210Z"}
[32minfo[39m: database connected! {"timestamp":"2025-02-21T20:22:47.253Z"}
[32minfo[39m: the server has started in 8000 {"timestamp":"2025-02-21T20:22:47.257Z"}
[32minfo[39m: database connected! {"timestamp":"2025-02-21T20:22:58.634Z"}
[32minfo[39m: the server has started in 8000 {"timestamp":"2025-02-21T20:22:58.637Z"}
[32minfo[39m: database connected! {"timestamp":"2025-02-21T20:23:30.397Z"}
[32minfo[39m: the server has started in 8000 {"timestamp":"2025-02-21T20:23:30.400Z"}
[32minfo[39m: database connected! {"timestamp":"2025-02-21T20:24:18.639Z"}
[32minfo[39m: the server has started in 8000 {"timestamp":"2025-02-21T20:24:18.642Z"}
[32minfo[39m: database connected! {"timestamp":"2025-02-21T20:24:24.898Z"}
[32minfo[39m: the server has started in 8000 {"timestamp":"2025-02-21T20:24:24.901Z"}
[32minfo[39m: database connected! {"timestamp":"2025-02-21T20:24:34.291Z"}
[32minfo[39m: the server has started in 8000 {"timestamp":"2025-02-21T20:24:34.294Z"}
[32minfo[39m: database connected! {"timestamp":"2025-02-21T20:25:10.427Z"}
[32minfo[39m: the server has started in 8000 {"timestamp":"2025-02-21T20:25:10.430Z"}
[32minfo[39m: database connected! {"timestamp":"2025-02-21T20:55:59.332Z"}
[32minfo[39m: the server has started in 8000 {"timestamp":"2025-02-21T20:55:59.341Z"}
[32minfo[39m: database connected! {"timestamp":"2025-02-21T20:56:03.234Z"}
[32minfo[39m: the server has started in 8000 {"timestamp":"2025-02-21T20:56:03.241Z"}
[32minfo[39m: database connected! {"timestamp":"2025-02-21T20:56:04.359Z"}
[32minfo[39m: the server has started in 8000 {"timestamp":"2025-02-21T20:56:04.366Z"}
[32minfo[39m: database connected! {"timestamp":"2025-02-21T20:57:13.437Z"}
[32minfo[39m: the server has started in 8000 {"timestamp":"2025-02-21T20:57:13.443Z"}
[32minfo[39m: database connected! {"timestamp":"2025-02-21T20:57:50.229Z"}
[32minfo[39m: the server has started in 8000 {"timestamp":"2025-02-21T20:57:50.236Z"}
[32minfo[39m: database connected! {"timestamp":"2025-02-21T20:58:04.855Z"}
[32minfo[39m: the server has started in 8000 {"timestamp":"2025-02-21T20:58:04.862Z"}
[32minfo[39m: trying to connect to the database... {"timestamp":"2025-02-21T21:05:22.344Z"}
[32minfo[39m: database connected! {"timestamp":"2025-02-21T21:05:22.345Z"}
[32minfo[39m: the server has started in 8000 {"timestamp":"2025-02-21T21:05:22.347Z"}
[32minfo[39m: database connected! {"timestamp":"2025-02-21T21:21:45.363Z"}
[32minfo[39m: the server has started in 8000 {"timestamp":"2025-02-21T21:21:45.366Z"}
[32minfo[39m: database connected! {"timestamp":"2025-02-21T21:21:58.739Z"}
[32minfo[39m: the server has started in 8000 {"timestamp":"2025-02-21T21:21:58.749Z"}
[32minfo[39m: database connected! {"timestamp":"2025-02-21T21:22:06.648Z"}
[32minfo[39m: the server has started in 8000 {"timestamp":"2025-02-21T21:22:06.651Z"}
[32minfo[39m: database connected! {"timestamp":"2025-02-21T21:26:53.444Z"}
[32minfo[39m: the server has started in 8000 {"timestamp":"2025-02-21T21:26:53.456Z"}
[32minfo[39m: database connected! {"timestamp":"2025-02-21T21:28:25.833Z"}
[32minfo[39m: the server has started in 8000 {"timestamp":"2025-02-21T21:28:25.836Z"}
[32minfo[39m: database connected! {"timestamp":"2025-02-21T21:29:55.553Z"}
[32minfo[39m: the server has started in 8000 {"timestamp":"2025-02-21T21:29:55.556Z"}
[32minfo[39m: database connected! {"timestamp":"2025-02-21T21:30:56.048Z"}
[32minfo[39m: the server has started in 8000 {"timestamp":"2025-02-21T21:30:56.052Z"}
[32minfo[39m: database connected! {"timestamp":"2025-02-21T21:31:10.834Z"}
[32minfo[39m: the server has started in 8000 {"timestamp":"2025-02-21T21:31:10.838Z"}
[32minfo[39m: trying to connect to the database... {"timestamp":"2025-02-21T23:04:23.866Z"}
[32minfo[39m: database connected! {"timestamp":"2025-02-21T23:04:23.867Z"}
[32minfo[39m: the server has started in 8000 {"timestamp":"2025-02-21T23:04:23.869Z"}
[32minfo[39m: trying to connect to the database... {"timestamp":"2025-02-21T23:07:35.674Z"}
[32minfo[39m: database connected! {"timestamp":"2025-02-21T23:07:35.675Z"}
[32minfo[39m: the server has started in 8000 {"timestamp":"2025-02-21T23:07:35.681Z"}
[32minfo[39m: trying to connect to the database... {"timestamp":"2025-02-21T23:07:39.839Z"}
[32minfo[39m: database connected! {"timestamp":"2025-02-21T23:07:39.840Z"}
[32minfo[39m: the server has started in 8000 {"timestamp":"2025-02-21T23:07:39.846Z"}
[32minfo[39m: trying to connect to the database... {"timestamp":"2025-02-21T23:07:44.375Z"}
[32minfo[39m: database connected! {"timestamp":"2025-02-21T23:07:44.375Z"}
[32minfo[39m: the server has started in 8000 {"timestamp":"2025-02-21T23:07:44.382Z"}
[32minfo[39m: trying to connect to the database... {"timestamp":"2025-02-21T23:18:56.363Z"}
[32minfo[39m: database connected! {"timestamp":"2025-02-21T23:18:56.364Z"}
[32minfo[39m: the server has started in 8000 {"timestamp":"2025-02-21T23:18:56.370Z"}
[32minfo[39m: trying to connect to the database... {"timestamp":"2025-02-21T23:19:03.402Z"}
[32minfo[39m: database connected! {"timestamp":"2025-02-21T23:19:03.403Z"}
[32minfo[39m: the server has started in 8000 {"timestamp":"2025-02-21T23:19:03.408Z"}
[32minfo[39m: trying to connect to the database... {"timestamp":"2025-02-21T23:19:12.115Z"}
[32minfo[39m: database connected! {"timestamp":"2025-02-21T23:19:12.115Z"}
[32minfo[39m: the server has started in 8000 {"timestamp":"2025-02-21T23:19:12.121Z"}
[32minfo[39m: trying to connect to the database... {"timestamp":"2025-02-21T23:19:44.767Z"}
[32minfo[39m: database connected! {"timestamp":"2025-02-21T23:19:44.768Z"}
[32minfo[39m: the server has started in 8000 {"timestamp":"2025-02-21T23:19:44.770Z"}
[32minfo[39m: trying to connect to the database... {"timestamp":"2025-02-21T23:19:52.555Z"}
[32minfo[39m: database connected! {"timestamp":"2025-02-21T23:19:52.555Z"}
[32minfo[39m: the server has started in 8000 {"timestamp":"2025-02-21T23:19:52.557Z"}
[32minfo[39m: database connected! {"timestamp":"2025-02-21T23:21:15.460Z"}
[32minfo[39m: the server has started in 8000 {"timestamp":"2025-02-21T23:21:15.470Z"}
[32minfo[39m: database connected! {"timestamp":"2025-02-21T23:23:21.599Z"}
[32minfo[39m: the server has started in 8000 {"timestamp":"2025-02-21T23:23:21.610Z"}
[32minfo[39m: trying to connect to the database... {"timestamp":"2025-02-22T00:17:20.479Z"}
[32minfo[39m: database connected! {"timestamp":"2025-02-22T00:17:20.480Z"}
[32minfo[39m: the server has started in 8000 {"timestamp":"2025-02-22T00:17:20.482Z"}
[32minfo[39m: trying to connect to the database... {"timestamp":"2025-02-22T00:17:29.439Z"}
[32minfo[39m: database connected! {"timestamp":"2025-02-22T00:17:29.440Z"}
[32minfo[39m: the server has started in 8000 {"timestamp":"2025-02-22T00:17:29.446Z"}
[32minfo[39m: database connected! {"timestamp":"2025-02-22T01:07:37.995Z"}
[32minfo[39m: the server has started in 8000 {"timestamp":"2025-02-22T01:07:37.998Z"}
[32minfo[39m: database connected! {"timestamp":"2025-02-22T01:07:46.473Z"}
[32minfo[39m: the server has started in 8000 {"timestamp":"2025-02-22T01:07:46.477Z"}
[32minfo[39m: trying to connect to the database... {"timestamp":"2025-02-22T01:09:13.991Z"}
[32minfo[39m: database connected! {"timestamp":"2025-02-22T01:09:13.992Z"}
[32minfo[39m: the server has started in 8000 {"timestamp":"2025-02-22T01:09:14.002Z"}
[32minfo[39m: database connected! {"timestamp":"2025-02-22T01:09:34.371Z"}
[32minfo[39m: the server has started in 8000 {"timestamp":"2025-02-22T01:09:34.374Z"}
[32minfo[39m: database connected! {"timestamp":"2025-02-22T01:09:39.762Z"}
[32minfo[39m: the server has started in 8000 {"timestamp":"2025-02-22T01:09:39.764Z"}
[32minfo[39m: database connected! {"timestamp":"2025-02-22T01:09:42.540Z"}
[32minfo[39m: the server has started in 8000 {"timestamp":"2025-02-22T01:09:42.543Z"}
[32minfo[39m: database connected! {"timestamp":"2025-02-22T01:17:14.447Z"}
[32minfo[39m: the server has started in 8000 {"timestamp":"2025-02-22T01:17:14.449Z"}
[32minfo[39m: trying to connect to the database... {"timestamp":"2025-02-22T01:17:30.300Z"}
[32minfo[39m: database connected! {"timestamp":"2025-02-22T01:17:30.301Z"}
[32minfo[39m: the server has started in 8000 {"timestamp":"2025-02-22T01:17:30.313Z"}
[32minfo[39m: database connected! {"timestamp":"2025-02-22T01:17:49.904Z"}
[32minfo[39m: the server has started in 8000 {"timestamp":"2025-02-22T01:17:49.906Z"}
[32minfo[39m: database connected! {"timestamp":"2025-02-22T01:20:34.214Z"}
[32minfo[39m: the server has started in 8000 {"timestamp":"2025-02-22T01:20:34.224Z"}
[32minfo[39m: database connected! {"timestamp":"2025-02-22T01:20:44.322Z"}
[32minfo[39m: the server has started in 8000 {"timestamp":"2025-02-22T01:20:44.325Z"}
[32minfo[39m: trying to connect to the database... {"timestamp":"2025-02-22T04:13:39.389Z"}
[32minfo[39m: database connected! {"timestamp":"2025-02-22T04:13:39.389Z"}
[32minfo[39m: the server has started in 8000 {"timestamp":"2025-02-22T04:13:39.392Z"}
[32minfo[39m: trying to connect to the database... {"timestamp":"2025-02-22T04:14:23.320Z"}
[32minfo[39m: database connected! {"timestamp":"2025-02-22T04:14:23.321Z"}
[32minfo[39m: the server has started in 8000 {"timestamp":"2025-02-22T04:14:23.324Z"}
[32minfo[39m: trying to connect to the database... {"timestamp":"2025-02-22T04:14:27.689Z"}
[32minfo[39m: database connected! {"timestamp":"2025-02-22T04:14:27.690Z"}
[32minfo[39m: the server has started in 8000 {"timestamp":"2025-02-22T04:14:27.692Z"}
[32minfo[39m: trying to connect to the database... {"timestamp":"2025-02-22T04:18:18.340Z"}
[32minfo[39m: database connected! {"timestamp":"2025-02-22T04:18:18.343Z"}
[32minfo[39m: the server has started in 8000 {"timestamp":"2025-02-22T04:18:18.345Z"}
[32minfo[39m: trying to connect to the database... {"timestamp":"2025-02-22T04:19:29.302Z"}
[32minfo[39m: database connected! {"timestamp":"2025-02-22T04:19:29.303Z"}
[32minfo[39m: the server has started in 8000 {"timestamp":"2025-02-22T04:19:29.305Z"}
[32minfo[39m: trying to connect to the database... {"timestamp":"2025-02-22T04:20:26.790Z"}
[32minfo[39m: database connected! {"timestamp":"2025-02-22T04:20:26.791Z"}
[32minfo[39m: the server has started in 8000 {"timestamp":"2025-02-22T04:20:26.794Z"}
[32minfo[39m: trying to connect to the database... {"timestamp":"2025-02-22T04:22:49.152Z"}
[32minfo[39m: database connected! {"timestamp":"2025-02-22T04:22:49.154Z"}
[32minfo[39m: the server has started in 8000 {"timestamp":"2025-02-22T04:22:49.157Z"}
[32minfo[39m: trying to connect to the database... {"timestamp":"2025-02-22T04:23:09.639Z"}
[32minfo[39m: database connected!
      Database mode: dev {"timestamp":"2025-02-22T04:23:09.640Z"}
[32minfo[39m: the server has started in 8000 {"timestamp":"2025-02-22T04:23:09.642Z"}
[32minfo[39m: trying to connect to the database... {"timestamp":"2025-02-22T04:23:28.050Z"}
[32minfo[39m: Database connected! Database mode: dev {"timestamp":"2025-02-22T04:23:28.051Z"}
[32minfo[39m: The server has started in 8000 {"timestamp":"2025-02-22T04:23:28.053Z"}
[32minfo[39m: trying to connect to the database... {"timestamp":"2025-02-22T04:24:12.057Z"}
[32minfo[39m: Database connected! Database mode: dev {"timestamp":"2025-02-22T04:24:12.058Z"}
[32minfo[39m: The server has started in 8000 {"timestamp":"2025-02-22T04:24:12.060Z"}
[32minfo[39m: trying to connect to the database... {"timestamp":"2025-02-22T04:24:22.420Z"}
[32minfo[39m: Database connected! Database mode: dev {"timestamp":"2025-02-22T04:24:22.421Z"}
[32minfo[39m: The server has started in 8000 {"timestamp":"2025-02-22T04:24:22.423Z"}
[32minfo[39m: Database connected! Database mode: dev {"timestamp":"2025-02-22T04:29:00.778Z"}
[32minfo[39m: The server has started in 8000 {"timestamp":"2025-02-22T04:29:00.786Z"}
[32minfo[39m: Database connected! Database mode: dev {"timestamp":"2025-02-22T04:31:28.434Z"}
[32minfo[39m: The server has started in 8000 {"timestamp":"2025-02-22T04:31:28.436Z"}
[32minfo[39m: Database connected! Database mode: dev {"timestamp":"2025-02-22T04:31:37.811Z"}
[32minfo[39m: The server has started in 8000 {"timestamp":"2025-02-22T04:31:37.814Z"}
[32minfo[39m: Database connected! Database mode: dev {"timestamp":"2025-02-22T04:31:41.806Z"}
[32minfo[39m: The server has started in 8000 {"timestamp":"2025-02-22T04:31:41.808Z"}
[32minfo[39m: Database connected! Database mode: dev {"timestamp":"2025-02-22T04:44:03.230Z"}
[32minfo[39m: The server has started in 8000 {"timestamp":"2025-02-22T04:44:03.236Z"}
[32minfo[39m: Database connected! Database mode: dev {"timestamp":"2025-02-22T04:45:12.178Z"}
[32minfo[39m: The server has started in 8000 {"timestamp":"2025-02-22T04:45:12.180Z"}
[32minfo[39m: Database connected! Database mode: dev {"timestamp":"2025-02-22T04:45:17.687Z"}
[32minfo[39m: The server has started in 8000 {"timestamp":"2025-02-22T04:45:17.689Z"}
[32minfo[39m: Database connected! Database mode: dev {"timestamp":"2025-02-22T04:46:41.311Z"}
[32minfo[39m: The server has started in 8000 {"timestamp":"2025-02-22T04:46:41.313Z"}
[32minfo[39m: Database connected! Database mode: dev {"timestamp":"2025-02-22T04:47:26.868Z"}
[32minfo[39m: The server has started in 8000 {"timestamp":"2025-02-22T04:47:26.871Z"}
[32minfo[39m: Database connected! Database mode: dev {"timestamp":"2025-02-22T04:53:28.772Z"}
[32minfo[39m: The server has started in 8000 {"timestamp":"2025-02-22T04:53:28.775Z"}
[32minfo[39m: Database connected! Database mode: dev {"timestamp":"2025-02-22T04:53:43.495Z"}
[32minfo[39m: The server has started in 8000 {"timestamp":"2025-02-22T04:53:43.498Z"}
[32minfo[39m: Database connected! Database mode: dev {"timestamp":"2025-02-22T06:10:04.594Z"}
[32minfo[39m: The server has started in 8000 {"timestamp":"2025-02-22T06:10:04.601Z"}
[32minfo[39m: Database connected! Database mode: dev {"timestamp":"2025-02-22T06:10:07.629Z"}
[32minfo[39m: The server has started in 8000 {"timestamp":"2025-02-22T06:10:07.636Z"}
[32minfo[39m: Database connected! Database mode: dev {"timestamp":"2025-02-22T06:14:28.421Z"}
[32minfo[39m: The server has started in 8000 {"timestamp":"2025-02-22T06:14:28.424Z"}
[32minfo[39m: Database connected! Database mode: dev {"timestamp":"2025-02-22T06:15:58.188Z"}
[32minfo[39m: The server has started in 8000 {"timestamp":"2025-02-22T06:15:58.197Z"}
[32minfo[39m: Database connected! Database mode: dev {"timestamp":"2025-02-22T06:18:05.274Z"}
[32minfo[39m: The server has started in 8000 {"timestamp":"2025-02-22T06:18:05.277Z"}
